<?xml version="1.0" encoding="UTF-8"?>
<!-- Generated by org.testng.reporters.JUnitReportReporter -->
<testsuite hostname="LAPTOP-D3H6PO4Q" failures="0" tests="1" name="selenium_basics.window" time="141.554" errors="0" timestamp="2023-03-02T10:06:48 IST" skipped="0">
  <testcase classname="selenium_basics.window" name="tc1" time="141.554"/>
  <system-out/>
</testsuite> <!-- selenium_basics.window -->
