<?xml version="1.0" encoding="UTF-8"?>
<!-- Generated by org.testng.reporters.JUnitReportReporter -->
<testsuite hostname="LAPTOP-D3H6PO4Q" failures="0" tests="1" name="selenium_basics.rough" time="0.015" errors="0" timestamp="2023-01-09T19:30:25 IST" skipped="0">
  <testcase classname="selenium_basics.rough" name="food" time="0.015"/>
  <system-out/>
</testsuite> <!-- selenium_basics.rough -->
