<?xml version="1.0" encoding="UTF-8"?>
<!-- Generated by org.testng.reporters.JUnitReportReporter -->
<testsuite hostname="LAPTOP-D3H6PO4Q" failures="0" tests="1" name="snippet.Snippet" time="0.010" errors="0" timestamp="2023-02-24T16:46:15 IST" skipped="0">
  <testcase classname="snippet.Snippet" name="ram" time="0.010"/>
  <system-out/>
</testsuite> <!-- snippet.Snippet -->
