<?xml version="1.0" encoding="UTF-8"?>
<!-- Generated by org.testng.reporters.JUnitReportReporter -->
<testsuite hostname="LAPTOP-D3H6PO4Q" failures="0" tests="5" name="selenium_basics.program3" time="0.012" errors="0" timestamp="2023-02-24T11:54:36 IST" skipped="0">
  <testcase classname="selenium_basics.program3" name="signup" time="0.009"/>
  <system-out/>
  <testcase classname="selenium_basics.program3" name="login" time="0.001"/>
  <system-out/>
  <testcase classname="selenium_basics.program3" name="searchproduct" time="0.001"/>
  <system-out/>
  <testcase classname="selenium_basics.program3" name="addtocart" time="0.001"/>
  <system-out/>
  <testcase classname="selenium_basics.program3" name="signout" time="0.000"/>
  <system-out/>
</testsuite> <!-- selenium_basics.program3 -->
