<?xml version="1.0" encoding="UTF-8"?>
<!-- Generated by org.testng.reporters.JUnitReportReporter -->
<testsuite hostname="LAPTOP-D3H6PO4Q" failures="0" tests="1" name="testClass.LoginTest" time="47.995" errors="0" timestamp="2023-02-21T17:18:33 IST" skipped="0">
  <testcase classname="testClass.LoginTest" name="login" time="47.995"/>
  <system-out/>
</testsuite> <!-- testClass.LoginTest -->
